<?xml version="1.0" encoding="UTF-8"?>
<!-- Generated by org.testng.reporters.JUnitReportReporter -->
<testsuite hostname="LAPTOP-Q3C0R1EQ" failures="0" tests="3" name="Batch_Execution.Z2" time="0.014" errors="0" timestamp="2022-11-05T08:22:44 IST" skipped="0">
  <testcase classname="Batch_Execution.Z2" name="v4" time="0.012"/>
  <system-out>
    <![CDATA[Running v4 successfully]]>
  </system-out>
  <testcase classname="Batch_Execution.Z2" name="v6" time="0.001"/>
  <system-out>
    <![CDATA[Running v6 successfully]]>
  </system-out>
  <testcase classname="Batch_Execution.Z2" name="v5" time="0.001"/>
  <system-out>
    <![CDATA[Running v5 successfully]]>
  </system-out>
</testsuite> <!-- Batch_Execution.Z2 -->
