<?xml version="1.0" encoding="UTF-8"?>
<!-- Generated by org.testng.reporters.JUnitReportReporter -->
<testsuite hostname="LAPTOP-Q3C0R1EQ" failures="0" tests="3" name="Batch_Execution.Z3" time="0.003" errors="0" timestamp="2022-11-05T08:22:44 IST" skipped="0">
  <testcase classname="Batch_Execution.Z3" name="v8" time="0.001"/>
  <system-out>
    <![CDATA[Running v8 successfully]]>
  </system-out>
  <testcase classname="Batch_Execution.Z3" name="v7" time="0.001"/>
  <system-out>
    <![CDATA[Running v7 successfully]]>
  </system-out>
  <testcase classname="Batch_Execution.Z3" name="v9" time="0.001"/>
  <system-out>
    <![CDATA[Running v9 successfully]]>
  </system-out>
</testsuite> <!-- Batch_Execution.Z3 -->
