<?xml version="1.0" encoding="UTF-8"?>
<!-- Generated by org.testng.reporters.JUnitReportReporter -->
<testsuite hostname="LAPTOP-Q3C0R1EQ" failures="0" tests="3" name="Batch_Execution.Z1" time="0.002" errors="0" timestamp="2022-11-05T08:22:44 IST" skipped="0">
  <testcase classname="Batch_Execution.Z1" name="v1" time="0.000"/>
  <system-out>
    <![CDATA[Running v1 successfully]]>
  </system-out>
  <testcase classname="Batch_Execution.Z1" name="v3" time="0.001"/>
  <system-out>
    <![CDATA[Running v3 successfully]]>
  </system-out>
  <testcase classname="Batch_Execution.Z1" name="v2" time="0.001"/>
  <system-out>
    <![CDATA[Running v2 successfully]]>
  </system-out>
</testsuite> <!-- Batch_Execution.Z1 -->
