<?xml version="1.0" encoding="UTF-8"?>
<!-- Generated by org.testng.reporters.JUnitReportReporter -->
<testsuite hostname="LAPTOP-Q3C0R1EQ" failures="0" tests="1" name="Parallel_Execution.Google" time="8.369" errors="0" timestamp="2022-11-05T08:31:30 IST" skipped="0">
  <testcase classname="Parallel_Execution.Google" name="m2" time="8.369"/>
  <system-out/>
</testsuite> <!-- Parallel_Execution.Google -->
