<?xml version="1.0" encoding="UTF-8"?>
<!-- Generated by org.testng.reporters.JUnitReportReporter -->
<testsuite hostname="LAPTOP-Q3C0R1EQ" failures="0" tests="2" name="TestNG_Keywords.Enabled" time="0.012" errors="0" timestamp="2022-11-05T08:12:07 IST" skipped="1">
  <testcase classname="TestNG_Keywords.Enabled" name="T2" time="0.012"/>
  <system-out>
    <![CDATA[running T2]]>
  </system-out>
  <testcase classname="TestNG_Keywords.Enabled" name="T1">
    <skipped/>
  </testcase> <!-- T1 -->
  <system-out/>
</testsuite> <!-- TestNG_Keywords.Enabled -->
