<?xml version="1.0" encoding="UTF-8"?>
<!-- Generated by org.testng.reporters.JUnitReportReporter -->
<testsuite hostname="LAPTOP-Q3C0R1EQ" failures="0" tests="5" name="TestNG_Keywords.Priority" time="0.016" errors="0" timestamp="2022-11-05T08:09:29 IST" skipped="0">
  <testcase classname="TestNG_Keywords.Priority" name="z5" time="0.012"/>
  <system-out>
    <![CDATA[Running z5]]>
  </system-out>
  <testcase classname="TestNG_Keywords.Priority" name="z4" time="0.001"/>
  <system-out>
    <![CDATA[Running z4]]>
  </system-out>
  <testcase classname="TestNG_Keywords.Priority" name="z3" time="0.001"/>
  <system-out>
    <![CDATA[Running z3]]>
  </system-out>
  <testcase classname="TestNG_Keywords.Priority" name="z2" time="0.001"/>
  <system-out>
    <![CDATA[Running z2]]>
  </system-out>
  <testcase classname="TestNG_Keywords.Priority" name="z1" time="0.001"/>
  <system-out>
    <![CDATA[Running z1]]>
  </system-out>
</testsuite> <!-- TestNG_Keywords.Priority -->
