<?xml version="1.0" encoding="UTF-8"?>
<!-- Generated by org.testng.reporters.JUnitReportReporter -->
<testsuite hostname="LAPTOP-Q3C0R1EQ" failures="0" tests="15" name="TestNG_Keywords.InvocationCount" time="0.024" errors="0" timestamp="2022-11-05T08:05:55 IST" skipped="0">
  <testcase classname="TestNG_Keywords.InvocationCount" name="T1" time="0.001"/>
  <system-out>
    <![CDATA[running T1]]>
  </system-out>
  <testcase classname="TestNG_Keywords.InvocationCount" name="T1" time="0.001"/>
  <system-out>
    <![CDATA[running T1]]>
  </system-out>
  <testcase classname="TestNG_Keywords.InvocationCount" name="T1" time="0.000"/>
  <system-out>
    <![CDATA[running T1]]>
  </system-out>
  <testcase classname="TestNG_Keywords.InvocationCount" name="T1" time="0.001"/>
  <system-out>
    <![CDATA[running T1]]>
  </system-out>
  <testcase classname="TestNG_Keywords.InvocationCount" name="T1" time="0.001"/>
  <system-out>
    <![CDATA[running T1]]>
  </system-out>
  <testcase classname="TestNG_Keywords.InvocationCount" name="T1" time="0.000"/>
  <system-out>
    <![CDATA[running T1]]>
  </system-out>
  <testcase classname="TestNG_Keywords.InvocationCount" name="T1" time="0.001"/>
  <system-out>
    <![CDATA[running T1]]>
  </system-out>
  <testcase classname="TestNG_Keywords.InvocationCount" name="T1" time="0.013"/>
  <system-out>
    <![CDATA[running T1]]>
  </system-out>
  <testcase classname="TestNG_Keywords.InvocationCount" name="T1" time="0.002"/>
  <system-out>
    <![CDATA[running T1]]>
  </system-out>
  <testcase classname="TestNG_Keywords.InvocationCount" name="T1" time="0.001"/>
  <system-out>
    <![CDATA[running T1]]>
  </system-out>
  <testcase classname="TestNG_Keywords.InvocationCount" name="T1" time="0.001"/>
  <system-out>
    <![CDATA[running T1]]>
  </system-out>
  <testcase classname="TestNG_Keywords.InvocationCount" name="T1" time="0.001"/>
  <system-out>
    <![CDATA[running T1]]>
  </system-out>
  <testcase classname="TestNG_Keywords.InvocationCount" name="T1" time="0.000"/>
  <system-out>
    <![CDATA[running T1]]>
  </system-out>
  <testcase classname="TestNG_Keywords.InvocationCount" name="T1" time="0.001"/>
  <system-out>
    <![CDATA[running T1]]>
  </system-out>
  <testcase classname="TestNG_Keywords.InvocationCount" name="T1" time="0.000"/>
  <system-out>
    <![CDATA[running T1]]>
  </system-out>
</testsuite> <!-- TestNG_Keywords.InvocationCount -->
