<?xml version="1.0" encoding="UTF-8"?>
<!-- Generated by org.testng.reporters.JUnitReportReporter -->
<testsuite hostname="LAPTOP-Q3C0R1EQ" failures="0" tests="2" name="TestNG_Keywords.timeout" time="0.021" errors="0" timestamp="2022-11-05T08:14:20 IST" skipped="0">
  <testcase classname="TestNG_Keywords.timeout" name="T2" time="0.004"/>
  <system-out>
    <![CDATA[Running T2]]>
  </system-out>
  <testcase classname="TestNG_Keywords.timeout" name="T1" time="0.017"/>
  <system-out>
    <![CDATA[Running T1]]>
  </system-out>
</testsuite> <!-- TestNG_Keywords.timeout -->
