<?xml version="1.0" encoding="UTF-8"?>
<!-- Generated by org.testng.reporters.JUnitReportReporter -->
<testsuite hostname="LAPTOP-Q3C0R1EQ" failures="0" tests="3" name="MulitBrowsing.A" time="18.168" errors="0" timestamp="2022-11-05T16:06:37 IST" skipped="0">
  <testcase classname="MulitBrowsing.A" name="m1" time="8.023"/>
  <system-out/>
  <testcase classname="MulitBrowsing.A" name="m1" time="3.111"/>
  <system-out/>
  <testcase classname="MulitBrowsing.A" name="m1" time="7.034"/>
  <system-out/>
</testsuite> <!-- MulitBrowsing.A -->
