<?xml version="1.0" encoding="UTF-8"?>
<!-- Generated by org.testng.reporters.JUnitReportReporter -->
<testsuite hostname="LAPTOP-Q3C0R1EQ" failures="0" tests="1" name="TestNG.Simple_class" time="0.011" errors="0" timestamp="2022-11-05T07:56:14 IST" skipped="0">
  <testcase classname="TestNG.Simple_class" name="T1" time="0.011"/>
  <system-out>
    <![CDATA[running T1]]>
  </system-out>
</testsuite> <!-- TestNG.Simple_class -->
