<?xml version="1.0" encoding="UTF-8"?>
<!-- Generated by org.testng.reporters.JUnitReportReporter -->
<testsuite hostname="LAPTOP-Q3C0R1EQ" failures="0" tests="1" name="Parallel_Execution.Facebook" time="8.066" errors="0" timestamp="2022-11-05T08:31:30 IST" skipped="0">
  <testcase classname="Parallel_Execution.Facebook" name="m3" time="8.066"/>
  <system-out/>
</testsuite> <!-- Parallel_Execution.Facebook -->
